# JRE version: Java(TM) SE Runtime Environment (8.0_121-b13) (build 1.8.0_121-b13)
# Java VM: Java HotSpot(TM) 64-Bit Server VM (25.121-b13 mixed mode windows-amd64 compressed oops)
Heap:
 PSYoungGen      total 525824K, used 375296K [0x00000000d5d00000, 0x00000000ffb00000, 0x0000000100000000)
  eden space 375296K, 100% used [0x00000000d5d00000,0x00000000ecb80000,0x00000000ecb80000)
  from space 150528K, 0% used [0x00000000ecb80000,0x00000000ecb80000,0x00000000f5e80000)
  to   space 144896K, 0% used [0x00000000f6d80000,0x00000000f6d80000,0x00000000ffb00000)
 ParOldGen       total 1383424K, used 1383224K [0x0000000081600000, 0x00000000d5d00000, 0x00000000d5d00000)
  object space 1383424K, 99% used [0x0000000081600000,0x00000000d5cce3d0,0x00000000d5d00000)
 Metaspace       used 57747K, capacity 58512K, committed 59608K, reserved 1101824K
  class space    used 7175K, capacity 7470K, committed 7680K, reserved 1048576K
GC Heap History (10 events):
Event: 2502.414 GC heap after
Heap after GC invocations=273 (full 118):
 PSYoungGen      total 525824K, used 375038K [0x00000000d5d00000, 0x00000000ffb00000, 0x0000000100000000)
  eden space 375296K, 99% used [0x00000000d5d00000,0x00000000ecb3fa60,0x00000000ecb80000)
  from space 150528K, 0% used [0x00000000ecb80000,0x00000000ecb80000,0x00000000f5e80000)
  to   space 144896K, 0% used [0x00000000f6d80000,0x00000000f6d80000,0x00000000ffb00000)
 ParOldGen       total 1383424K, used 1383225K [0x0000000081600000, 0x00000000d5d00000, 0x00000000d5d00000)
  object space 1383424K, 99% used [0x0000000081600000,0x00000000d5cce5d0,0x00000000d5d00000)
 Metaspace       used 57747K, capacity 58512K, committed 59608K, reserved 1101824K
  class space    used 7175K, capacity 7470K, committed 7680K, reserved 1048576K
}
Event: 2502.415 GC heap before
{Heap before GC invocations=274 (full 119):
 PSYoungGen      total 525824K, used 375296K [0x00000000d5d00000, 0x00000000ffb00000, 0x0000000100000000)
  eden space 375296K, 100% used [0x00000000d5d00000,0x00000000ecb80000,0x00000000ecb80000)
  from space 150528K, 0% used [0x00000000ecb80000,0x00000000ecb80000,0x00000000f5e80000)
  to   space 144896K, 0% used [0x00000000f6d80000,0x00000000f6d80000,0x00000000ffb00000)
 ParOldGen       total 1383424K, used 1383225K [0x0000000081600000, 0x00000000d5d00000, 0x00000000d5d00000)
  object space 1383424K, 99% used [0x0000000081600000,0x00000000d5cce5d0,0x00000000d5d00000)
 Metaspace       used 57747K, capacity 58512K, committed 59608K, reserved 1101824K
  class space    used 7175K, capacity 7470K, committed 7680K, reserved 1048576K
Event: 2520.424 GC heap after
Heap after GC invocations=274 (full 119):
 PSYoungGen      total 525824K, used 375058K [0x00000000d5d00000, 0x00000000ffb00000, 0x0000000100000000)
  eden space 375296K, 99% used [0x00000000d5d00000,0x00000000ecb448c0,0x00000000ecb80000)
  from space 150528K, 0% used [0x00000000ecb80000,0x00000000ecb80000,0x00000000f5e80000)
  to   space 144896K, 0% used [0x00000000f6d80000,0x00000000f6d80000,0x00000000ffb00000)
 ParOldGen       total 1383424K, used 1383225K [0x0000000081600000, 0x00000000d5d00000, 0x00000000d5d00000)
  object space 1383424K, 99% used [0x0000000081600000,0x00000000d5cce550,0x00000000d5d00000)
 Metaspace       used 57747K, capacity 58512K, committed 59608K, reserved 1101824K
  class space    used 7175K, capacity 7470K, committed 7680K, reserved 1048576K
}
Event: 2520.425 GC heap before
{Heap before GC invocations=275 (full 120):
 PSYoungGen      total 525824K, used 375296K [0x00000000d5d00000, 0x00000000ffb00000, 0x0000000100000000)
  eden space 375296K, 100% used [0x00000000d5d00000,0x00000000ecb80000,0x00000000ecb80000)
  from space 150528K, 0% used [0x00000000ecb80000,0x00000000ecb80000,0x00000000f5e80000)
  to   space 144896K, 0% used [0x00000000f6d80000,0x00000000f6d80000,0x00000000ffb00000)
 ParOldGen       total 1383424K, used 1383225K [0x0000000081600000, 0x00000000d5d00000, 0x00000000d5d00000)
  object space 1383424K, 99% used [0x0000000081600000,0x00000000d5cce550,0x00000000d5d00000)
 Metaspace       used 57747K, capacity 58512K, committed 59608K, reserved 1101824K
  class space    used 7175K, capacity 7470K, committed 7680K, reserved 1048576K
Event: 2537.804 GC heap after
Heap after GC invocations=275 (full 120):
 PSYoungGen      total 525824K, used 375072K [0x00000000d5d00000, 0x00000000ffb00000, 0x0000000100000000)
  eden space 375296K, 99% used [0x00000000d5d00000,0x00000000ecb480e0,0x00000000ecb80000)
  from space 150528K, 0% used [0x00000000ecb80000,0x00000000ecb80000,0x00000000f5e80000)
  to   space 144896K, 0% used [0x00000000f6d80000,0x00000000f6d80000,0x00000000ffb00000)
 ParOldGen       total 1383424K, used 1383225K [0x0000000081600000, 0x00000000d5d00000, 0x00000000d5d00000)
  object space 1383424K, 99% used [0x0000000081600000,0x00000000d5cce4d0,0x00000000d5d00000)
 Metaspace       used 57747K, capacity 58512K, committed 59608K, reserved 1101824K
  class space    used 7175K, capacity 7470K, committed 7680K, reserved 1048576K
}
Event: 2537.805 GC heap before
{Heap before GC invocations=276 (full 121):
 PSYoungGen      total 525824K, used 375296K [0x00000000d5d00000, 0x00000000ffb00000, 0x0000000100000000)
  eden space 375296K, 100% used [0x00000000d5d00000,0x00000000ecb80000,0x00000000ecb80000)
  from space 150528K, 0% used [0x00000000ecb80000,0x00000000ecb80000,0x00000000f5e80000)
  to   space 144896K, 0% used [0x00000000f6d80000,0x00000000f6d80000,0x00000000ffb00000)
 ParOldGen       total 1383424K, used 1383225K [0x0000000081600000, 0x00000000d5d00000, 0x00000000d5d00000)
  object space 1383424K, 99% used [0x0000000081600000,0x00000000d5cce4d0,0x00000000d5d00000)
 Metaspace       used 57747K, capacity 58512K, committed 59608K, reserved 1101824K
  class space    used 7175K, capacity 7470K, committed 7680K, reserved 1048576K
Event: 2556.471 GC heap after
Heap after GC invocations=276 (full 121):
 PSYoungGen      total 525824K, used 375088K [0x00000000d5d00000, 0x00000000ffb00000, 0x0000000100000000)
  eden space 375296K, 99% used [0x00000000d5d00000,0x00000000ecb4c218,0x00000000ecb80000)
  from space 150528K, 0% used [0x00000000ecb80000,0x00000000ecb80000,0x00000000f5e80000)
  to   space 144896K, 0% used [0x00000000f6d80000,0x00000000f6d80000,0x00000000ffb00000)
 ParOldGen       total 1383424K, used 1383225K [0x0000000081600000, 0x00000000d5d00000, 0x00000000d5d00000)
  object space 1383424K, 99% used [0x0000000081600000,0x00000000d5cce450,0x00000000d5d00000)
 Metaspace       used 57747K, capacity 58512K, committed 59608K, reserved 1101824K
  class space    used 7175K, capacity 7470K, committed 7680K, reserved 1048576K
}
Event: 2556.472 GC heap before
{Heap before GC invocations=277 (full 122):
 PSYoungGen      total 525824K, used 375296K [0x00000000d5d00000, 0x00000000ffb00000, 0x0000000100000000)
  eden space 375296K, 100% used [0x00000000d5d00000,0x00000000ecb80000,0x00000000ecb80000)
  from space 150528K, 0% used [0x00000000ecb80000,0x00000000ecb80000,0x00000000f5e80000)
  to   space 144896K, 0% used [0x00000000f6d80000,0x00000000f6d80000,0x00000000ffb00000)
 ParOldGen       total 1383424K, used 1383225K [0x0000000081600000, 0x00000000d5d00000, 0x00000000d5d00000)
  object space 1383424K, 99% used [0x0000000081600000,0x00000000d5cce450,0x00000000d5d00000)
 Metaspace       used 57747K, capacity 58512K, committed 59608K, reserved 1101824K
  class space    used 7175K, capacity 7470K, committed 7680K, reserved 1048576K
Event: 2572.793 GC heap after
Heap after GC invocations=277 (full 122):
 PSYoungGen      total 525824K, used 375102K [0x00000000d5d00000, 0x00000000ffb00000, 0x0000000100000000)
  eden space 375296K, 99% used [0x00000000d5d00000,0x00000000ecb4fa78,0x00000000ecb80000)
  from space 150528K, 0% used [0x00000000ecb80000,0x00000000ecb80000,0x00000000f5e80000)
  to   space 144896K, 0% used [0x00000000f6d80000,0x00000000f6d80000,0x00000000ffb00000)
 ParOldGen       total 1383424K, used 1383224K [0x0000000081600000, 0x00000000d5d00000, 0x00000000d5d00000)
  object space 1383424K, 99% used [0x0000000081600000,0x00000000d5cce3d0,0x00000000d5d00000)
 Metaspace       used 57747K, capacity 58512K, committed 59608K, reserved 1101824K
  class space    used 7175K, capacity 7470K, committed 7680K, reserved 1048576K
}
Event: 2572.793 GC heap before
{Heap before GC invocations=278 (full 123):
 PSYoungGen      total 525824K, used 375296K [0x00000000d5d00000, 0x00000000ffb00000, 0x0000000100000000)
  eden space 375296K, 100% used [0x00000000d5d00000,0x00000000ecb80000,0x00000000ecb80000)
  from space 150528K, 0% used [0x00000000ecb80000,0x00000000ecb80000,0x00000000f5e80000)
  to   space 144896K, 0% used [0x00000000f6d80000,0x00000000f6d80000,0x00000000ffb00000)
 ParOldGen       total 1383424K, used 1383224K [0x0000000081600000, 0x00000000d5d00000, 0x00000000d5d00000)
  object space 1383424K, 99% used [0x0000000081600000,0x00000000d5cce3d0,0x00000000d5d00000)
 Metaspace       used 57747K, capacity 58512K, committed 59608K, reserved 1101824K
  class space    used 7175K, capacity 7470K, committed 7680K, reserved 1048576K

